2021-07-20T07:15:42+00:00 CRITICAL syntax error, unexpected '}' в D:\OpenServer\OpenServer\domains\rbmatras\wp-content\themes\rb-matras\functions.php на строке 291

2021-07-20T07:15:42+00:00 CRITICAL syntax error, unexpected '}' в D:\OpenServer\OpenServer\domains\rbmatras\wp-content\themes\rb-matras\functions.php на строке 291

2021-07-20T07:15:43+00:00 CRITICAL syntax error, unexpected '}' в D:\OpenServer\OpenServer\domains\rbmatras\wp-content\themes\rb-matras\functions.php на строке 291

2021-07-20T07:15:45+00:00 CRITICAL syntax error, unexpected '}' в D:\OpenServer\OpenServer\domains\rbmatras\wp-content\themes\rb-matras\functions.php на строке 291

2021-07-20T07:46:22+00:00 CRITICAL Uncaught Error: Call to undefined function get_t111he_ID() in D:\OpenServer\OpenServer\domains\rbmatras\wp-content\themes\rb-matras\functions.php:263
Stack trace:
#0 D:\OpenServer\OpenServer\domains\rbmatras\wp-content\themes\rb-matras\functions.php(194): get_filters()
#1 D:\OpenServer\OpenServer\domains\rbmatras\wp-settings.php(528): include('D:\\OpenServer\\O...')
#2 D:\OpenServer\OpenServer\domains\rbmatras\wp-config.php(90): require_once('D:\\OpenServer\\O...')
#3 D:\OpenServer\OpenServer\domains\rbmatras\wp-load.php(37): require_once('D:\\OpenServer\\O...')
#4 D:\OpenServer\OpenServer\domains\rbmatras\wp-admin\admin-ajax.php(22): require_once('D:\\OpenServer\\O...')
#5 {main}
  thrown в D:\OpenServer\OpenServer\domains\rbmatras\wp-content\themes\rb-matras\functions.php на строке 263

2021-07-20T07:46:23+00:00 CRITICAL Uncaught Error: Call to undefined function get_t111he_ID() in D:\OpenServer\OpenServer\domains\rbmatras\wp-content\themes\rb-matras\functions.php:263
Stack trace:
#0 D:\OpenServer\OpenServer\domains\rbmatras\wp-content\themes\rb-matras\functions.php(194): get_filters()
#1 D:\OpenServer\OpenServer\domains\rbmatras\wp-settings.php(528): include('D:\\OpenServer\\O...')
#2 D:\OpenServer\OpenServer\domains\rbmatras\wp-config.php(90): require_once('D:\\OpenServer\\O...')
#3 D:\OpenServer\OpenServer\domains\rbmatras\wp-load.php(37): require_once('D:\\OpenServer\\O...')
#4 D:\OpenServer\OpenServer\domains\rbmatras\wp-blog-header.php(13): require_once('D:\\OpenServer\\O...')
#5 D:\OpenServer\OpenServer\domains\rbmatras\index.php(17): require('D:\\OpenServer\\O...')
#6 {main}
  thrown в D:\OpenServer\OpenServer\domains\rbmatras\wp-content\themes\rb-matras\functions.php на строке 263

2021-07-20T07:46:24+00:00 CRITICAL Uncaught Error: Call to undefined function get_t111he_ID() in D:\OpenServer\OpenServer\domains\rbmatras\wp-content\themes\rb-matras\functions.php:263
Stack trace:
#0 D:\OpenServer\OpenServer\domains\rbmatras\wp-content\themes\rb-matras\functions.php(194): get_filters()
#1 D:\OpenServer\OpenServer\domains\rbmatras\wp-settings.php(528): include('D:\\OpenServer\\O...')
#2 D:\OpenServer\OpenServer\domains\rbmatras\wp-config.php(90): require_once('D:\\OpenServer\\O...')
#3 D:\OpenServer\OpenServer\domains\rbmatras\wp-load.php(37): require_once('D:\\OpenServer\\O...')
#4 D:\OpenServer\OpenServer\domains\rbmatras\wp-blog-header.php(13): require_once('D:\\OpenServer\\O...')
#5 D:\OpenServer\OpenServer\domains\rbmatras\index.php(17): require('D:\\OpenServer\\O...')
#6 {main}
  thrown в D:\OpenServer\OpenServer\domains\rbmatras\wp-content\themes\rb-matras\functions.php на строке 263

2021-07-20T07:46:24+00:00 CRITICAL Uncaught Error: Call to undefined function get_t111he_ID() in D:\OpenServer\OpenServer\domains\rbmatras\wp-content\themes\rb-matras\functions.php:263
Stack trace:
#0 D:\OpenServer\OpenServer\domains\rbmatras\wp-content\themes\rb-matras\functions.php(194): get_filters()
#1 D:\OpenServer\OpenServer\domains\rbmatras\wp-settings.php(528): include('D:\\OpenServer\\O...')
#2 D:\OpenServer\OpenServer\domains\rbmatras\wp-config.php(90): require_once('D:\\OpenServer\\O...')
#3 D:\OpenServer\OpenServer\domains\rbmatras\wp-load.php(37): require_once('D:\\OpenServer\\O...')
#4 D:\OpenServer\OpenServer\domains\rbmatras\wp-blog-header.php(13): require_once('D:\\OpenServer\\O...')
#5 D:\OpenServer\OpenServer\domains\rbmatras\index.php(17): require('D:\\OpenServer\\O...')
#6 {main}
  thrown в D:\OpenServer\OpenServer\domains\rbmatras\wp-content\themes\rb-matras\functions.php на строке 263

2021-07-20T07:46:24+00:00 CRITICAL Uncaught Error: Call to undefined function get_t111he_ID() in D:\OpenServer\OpenServer\domains\rbmatras\wp-content\themes\rb-matras\functions.php:263
Stack trace:
#0 D:\OpenServer\OpenServer\domains\rbmatras\wp-content\themes\rb-matras\functions.php(194): get_filters()
#1 D:\OpenServer\OpenServer\domains\rbmatras\wp-settings.php(528): include('D:\\OpenServer\\O...')
#2 D:\OpenServer\OpenServer\domains\rbmatras\wp-config.php(90): require_once('D:\\OpenServer\\O...')
#3 D:\OpenServer\OpenServer\domains\rbmatras\wp-load.php(37): require_once('D:\\OpenServer\\O...')
#4 D:\OpenServer\OpenServer\domains\rbmatras\wp-blog-header.php(13): require_once('D:\\OpenServer\\O...')
#5 D:\OpenServer\OpenServer\domains\rbmatras\index.php(17): require('D:\\OpenServer\\O...')
#6 {main}
  thrown в D:\OpenServer\OpenServer\domains\rbmatras\wp-content\themes\rb-matras\functions.php на строке 263

2021-07-20T07:46:25+00:00 CRITICAL Uncaught Error: Call to undefined function get_t111he_ID() in D:\OpenServer\OpenServer\domains\rbmatras\wp-content\themes\rb-matras\functions.php:263
Stack trace:
#0 D:\OpenServer\OpenServer\domains\rbmatras\wp-content\themes\rb-matras\functions.php(194): get_filters()
#1 D:\OpenServer\OpenServer\domains\rbmatras\wp-settings.php(528): include('D:\\OpenServer\\O...')
#2 D:\OpenServer\OpenServer\domains\rbmatras\wp-config.php(90): require_once('D:\\OpenServer\\O...')
#3 D:\OpenServer\OpenServer\domains\rbmatras\wp-load.php(37): require_once('D:\\OpenServer\\O...')
#4 D:\OpenServer\OpenServer\domains\rbmatras\wp-blog-header.php(13): require_once('D:\\OpenServer\\O...')
#5 D:\OpenServer\OpenServer\domains\rbmatras\index.php(17): require('D:\\OpenServer\\O...')
#6 {main}
  thrown в D:\OpenServer\OpenServer\domains\rbmatras\wp-content\themes\rb-matras\functions.php на строке 263

2021-07-20T07:46:25+00:00 CRITICAL Uncaught Error: Call to undefined function get_t111he_ID() in D:\OpenServer\OpenServer\domains\rbmatras\wp-content\themes\rb-matras\functions.php:263
Stack trace:
#0 D:\OpenServer\OpenServer\domains\rbmatras\wp-content\themes\rb-matras\functions.php(194): get_filters()
#1 D:\OpenServer\OpenServer\domains\rbmatras\wp-settings.php(528): include('D:\\OpenServer\\O...')
#2 D:\OpenServer\OpenServer\domains\rbmatras\wp-config.php(90): require_once('D:\\OpenServer\\O...')
#3 D:\OpenServer\OpenServer\domains\rbmatras\wp-load.php(37): require_once('D:\\OpenServer\\O...')
#4 D:\OpenServer\OpenServer\domains\rbmatras\wp-blog-header.php(13): require_once('D:\\OpenServer\\O...')
#5 D:\OpenServer\OpenServer\domains\rbmatras\index.php(17): require('D:\\OpenServer\\O...')
#6 {main}
  thrown в D:\OpenServer\OpenServer\domains\rbmatras\wp-content\themes\rb-matras\functions.php на строке 263

2021-07-20T07:46:25+00:00 CRITICAL Uncaught Error: Call to undefined function get_t111he_ID() in D:\OpenServer\OpenServer\domains\rbmatras\wp-content\themes\rb-matras\functions.php:263
Stack trace:
#0 D:\OpenServer\OpenServer\domains\rbmatras\wp-content\themes\rb-matras\functions.php(194): get_filters()
#1 D:\OpenServer\OpenServer\domains\rbmatras\wp-settings.php(528): include('D:\\OpenServer\\O...')
#2 D:\OpenServer\OpenServer\domains\rbmatras\wp-config.php(90): require_once('D:\\OpenServer\\O...')
#3 D:\OpenServer\OpenServer\domains\rbmatras\wp-load.php(37): require_once('D:\\OpenServer\\O...')
#4 D:\OpenServer\OpenServer\domains\rbmatras\wp-blog-header.php(13): require_once('D:\\OpenServer\\O...')
#5 D:\OpenServer\OpenServer\domains\rbmatras\index.php(17): require('D:\\OpenServer\\O...')
#6 {main}
  thrown в D:\OpenServer\OpenServer\domains\rbmatras\wp-content\themes\rb-matras\functions.php на строке 263

2021-07-20T07:46:26+00:00 CRITICAL Uncaught Error: Call to undefined function get_t111he_ID() in D:\OpenServer\OpenServer\domains\rbmatras\wp-content\themes\rb-matras\functions.php:263
Stack trace:
#0 D:\OpenServer\OpenServer\domains\rbmatras\wp-content\themes\rb-matras\functions.php(194): get_filters()
#1 D:\OpenServer\OpenServer\domains\rbmatras\wp-settings.php(528): include('D:\\OpenServer\\O...')
#2 D:\OpenServer\OpenServer\domains\rbmatras\wp-config.php(90): require_once('D:\\OpenServer\\O...')
#3 D:\OpenServer\OpenServer\domains\rbmatras\wp-load.php(37): require_once('D:\\OpenServer\\O...')
#4 D:\OpenServer\OpenServer\domains\rbmatras\wp-admin\admin-ajax.php(22): require_once('D:\\OpenServer\\O...')
#5 {main}
  thrown в D:\OpenServer\OpenServer\domains\rbmatras\wp-content\themes\rb-matras\functions.php на строке 263

2021-07-20T07:46:27+00:00 CRITICAL Uncaught Error: Call to undefined function get_t111he_ID() in D:\OpenServer\OpenServer\domains\rbmatras\wp-content\themes\rb-matras\functions.php:263
Stack trace:
#0 D:\OpenServer\OpenServer\domains\rbmatras\wp-content\themes\rb-matras\functions.php(194): get_filters()
#1 D:\OpenServer\OpenServer\domains\rbmatras\wp-settings.php(528): include('D:\\OpenServer\\O...')
#2 D:\OpenServer\OpenServer\domains\rbmatras\wp-config.php(90): require_once('D:\\OpenServer\\O...')
#3 D:\OpenServer\OpenServer\domains\rbmatras\wp-load.php(37): require_once('D:\\OpenServer\\O...')
#4 D:\OpenServer\OpenServer\domains\rbmatras\wp-blog-header.php(13): require_once('D:\\OpenServer\\O...')
#5 D:\OpenServer\OpenServer\domains\rbmatras\index.php(17): require('D:\\OpenServer\\O...')
#6 {main}
  thrown в D:\OpenServer\OpenServer\domains\rbmatras\wp-content\themes\rb-matras\functions.php на строке 263

2021-07-20T07:46:29+00:00 CRITICAL Uncaught Error: Call to undefined function get_t111he_ID() in D:\OpenServer\OpenServer\domains\rbmatras\wp-content\themes\rb-matras\functions.php:263
Stack trace:
#0 D:\OpenServer\OpenServer\domains\rbmatras\wp-content\themes\rb-matras\functions.php(194): get_filters()
#1 D:\OpenServer\OpenServer\domains\rbmatras\wp-settings.php(528): include('D:\\OpenServer\\O...')
#2 D:\OpenServer\OpenServer\domains\rbmatras\wp-config.php(90): require_once('D:\\OpenServer\\O...')
#3 D:\OpenServer\OpenServer\domains\rbmatras\wp-load.php(37): require_once('D:\\OpenServer\\O...')
#4 D:\OpenServer\OpenServer\domains\rbmatras\wp-blog-header.php(13): require_once('D:\\OpenServer\\O...')
#5 D:\OpenServer\OpenServer\domains\rbmatras\index.php(17): require('D:\\OpenServer\\O...')
#6 {main}
  thrown в D:\OpenServer\OpenServer\domains\rbmatras\wp-content\themes\rb-matras\functions.php на строке 263

2021-07-20T07:46:30+00:00 CRITICAL Uncaught Error: Call to undefined function get_t111he_ID() in D:\OpenServer\OpenServer\domains\rbmatras\wp-content\themes\rb-matras\functions.php:263
Stack trace:
#0 D:\OpenServer\OpenServer\domains\rbmatras\wp-content\themes\rb-matras\functions.php(194): get_filters()
#1 D:\OpenServer\OpenServer\domains\rbmatras\wp-settings.php(528): include('D:\\OpenServer\\O...')
#2 D:\OpenServer\OpenServer\domains\rbmatras\wp-config.php(90): require_once('D:\\OpenServer\\O...')
#3 D:\OpenServer\OpenServer\domains\rbmatras\wp-load.php(37): require_once('D:\\OpenServer\\O...')
#4 D:\OpenServer\OpenServer\domains\rbmatras\wp-blog-header.php(13): require_once('D:\\OpenServer\\O...')
#5 D:\OpenServer\OpenServer\domains\rbmatras\index.php(17): require('D:\\OpenServer\\O...')
#6 {main}
  thrown в D:\OpenServer\OpenServer\domains\rbmatras\wp-content\themes\rb-matras\functions.php на строке 263

2021-07-20T07:53:18+00:00 CRITICAL syntax error, unexpected '$loop_child' (T_VARIABLE) в D:\OpenServer\OpenServer\domains\rbmatras\wp-content\themes\rb-matras\template-parts\content-catalog.php на строке 238

2021-07-20T07:53:22+00:00 CRITICAL syntax error, unexpected '$loop_child' (T_VARIABLE) в D:\OpenServer\OpenServer\domains\rbmatras\wp-content\themes\rb-matras\template-parts\content-catalog.php на строке 238

2021-07-20T13:19:44+00:00 CRITICAL syntax error, unexpected 'foreach' (T_FOREACH) в D:\OpenServer\OpenServer\domains\rbmatras\wp-content\themes\rb-matras\functions.php на строке 342

2021-07-20T13:19:44+00:00 CRITICAL syntax error, unexpected 'foreach' (T_FOREACH) в D:\OpenServer\OpenServer\domains\rbmatras\wp-content\themes\rb-matras\functions.php на строке 342

2021-07-20T13:28:01+00:00 CRITICAL Uncaught Error: Function name must be a string in D:\OpenServer\OpenServer\domains\rbmatras\wp-content\themes\rb-matras\functions.php:354
Stack trace:
#0 D:\OpenServer\OpenServer\domains\rbmatras\wp-includes\class-wp-hook.php(292): misha_filter_function()
#1 D:\OpenServer\OpenServer\domains\rbmatras\wp-includes\class-wp-hook.php(316): WP_Hook->apply_filters()
#2 D:\OpenServer\OpenServer\domains\rbmatras\wp-includes\plugin.php(484): WP_Hook->do_action()
#3 D:\OpenServer\OpenServer\domains\rbmatras\wp-admin\admin-ajax.php(202): do_action()
#4 {main}
  thrown в D:\OpenServer\OpenServer\domains\rbmatras\wp-content\themes\rb-matras\functions.php на строке 354

2021-07-20T13:28:07+00:00 CRITICAL Uncaught Error: Function name must be a string in D:\OpenServer\OpenServer\domains\rbmatras\wp-content\themes\rb-matras\functions.php:354
Stack trace:
#0 D:\OpenServer\OpenServer\domains\rbmatras\wp-includes\class-wp-hook.php(292): misha_filter_function()
#1 D:\OpenServer\OpenServer\domains\rbmatras\wp-includes\class-wp-hook.php(316): WP_Hook->apply_filters()
#2 D:\OpenServer\OpenServer\domains\rbmatras\wp-includes\plugin.php(484): WP_Hook->do_action()
#3 D:\OpenServer\OpenServer\domains\rbmatras\wp-admin\admin-ajax.php(202): do_action()
#4 {main}
  thrown в D:\OpenServer\OpenServer\domains\rbmatras\wp-content\themes\rb-matras\functions.php на строке 354

2021-07-20T13:30:06+00:00 CRITICAL syntax error, unexpected 'full' (T_STRING) в D:\OpenServer\OpenServer\domains\rbmatras\wp-content\themes\rb-matras\functions.php на строке 354

2021-07-20T14:51:20+00:00 CRITICAL syntax error, unexpected 'echo' (T_ECHO) в D:\OpenServer\OpenServer\domains\rbmatras\wp-content\themes\rb-matras\functions.php на строке 386

2021-07-20T14:51:21+00:00 CRITICAL syntax error, unexpected 'echo' (T_ECHO) в D:\OpenServer\OpenServer\domains\rbmatras\wp-content\themes\rb-matras\functions.php на строке 386

2021-07-20T15:15:07+00:00 CRITICAL syntax error, unexpected '/' в D:\OpenServer\OpenServer\domains\rbmatras\wp-content\themes\rb-matras\functions.php на строке 368

2021-07-20T15:15:08+00:00 CRITICAL syntax error, unexpected '/' в D:\OpenServer\OpenServer\domains\rbmatras\wp-content\themes\rb-matras\functions.php на строке 368

2021-07-20T15:15:10+00:00 CRITICAL syntax error, unexpected '/' в D:\OpenServer\OpenServer\domains\rbmatras\wp-content\themes\rb-matras\functions.php на строке 368

2021-07-20T15:15:11+00:00 CRITICAL syntax error, unexpected '/' в D:\OpenServer\OpenServer\domains\rbmatras\wp-content\themes\rb-matras\functions.php на строке 368

2021-07-20T15:15:12+00:00 CRITICAL syntax error, unexpected '/' в D:\OpenServer\OpenServer\domains\rbmatras\wp-content\themes\rb-matras\functions.php на строке 368

2021-07-20T15:15:13+00:00 CRITICAL syntax error, unexpected '/' в D:\OpenServer\OpenServer\domains\rbmatras\wp-content\themes\rb-matras\functions.php на строке 368

2021-07-20T15:17:39+00:00 CRITICAL Uncaught Error: Call to undefined function get_the_field() in D:\OpenServer\OpenServer\domains\rbmatras\wp-content\themes\rb-matras\functions.php:387
Stack trace:
#0 D:\OpenServer\OpenServer\domains\rbmatras\wp-includes\class-wp-hook.php(292): misha_filter_function()
#1 D:\OpenServer\OpenServer\domains\rbmatras\wp-includes\class-wp-hook.php(316): WP_Hook->apply_filters()
#2 D:\OpenServer\OpenServer\domains\rbmatras\wp-includes\plugin.php(484): WP_Hook->do_action()
#3 D:\OpenServer\OpenServer\domains\rbmatras\wp-admin\admin-ajax.php(202): do_action()
#4 {main}
  thrown в D:\OpenServer\OpenServer\domains\rbmatras\wp-content\themes\rb-matras\functions.php на строке 387

2021-07-20T15:40:11+00:00 CRITICAL syntax error, unexpected 'echo' (T_ECHO) в D:\OpenServer\OpenServer\domains\rbmatras\wp-content\themes\rb-matras\functions.php на строке 359

2021-07-20T15:40:48+00:00 CRITICAL syntax error, unexpected 'echo' (T_ECHO) в D:\OpenServer\OpenServer\domains\rbmatras\wp-content\themes\rb-matras\functions.php на строке 359

