2021-08-04T13:50:40+00:00 CRITICAL Uncaught Error: Call to a member function get_id() on null in D:\OpenServer\OpenServer\domains\rbmatras\wp-content\themes\rb-matras\template-parts\modals\content-modal-add-cart.php:2
Stack trace:
#0 D:\OpenServer\OpenServer\domains\rbmatras\wp-includes\template.php(772): require()
#1 D:\OpenServer\OpenServer\domains\rbmatras\wp-includes\template.php(716): load_template()
#2 D:\OpenServer\OpenServer\domains\rbmatras\wp-includes\general-template.php(204): locate_template()
#3 D:\OpenServer\OpenServer\domains\rbmatras\wp-content\themes\rb-matras\front-page.php(122): get_template_part()
#4 D:\OpenServer\OpenServer\domains\rbmatras\wp-includes\template-loader.php(106): include('D:\\OpenServer\\O...')
#5 D:\OpenServer\OpenServer\domains\rbmatras\wp-blog-header.php(19): require_once('D:\\OpenServer\\O...')
#6 D:\OpenServer\OpenServer\domains\rbmatras\index.php(17): require('D:\\OpenServer\\O...')
#7 {main}
  thrown в D:\OpenServer\OpenServer\domains\rbmatras\wp-content\themes\rb-matras\template-parts\modals\content-modal-add-cart.php на строке 2

2021-08-04T13:50:45+00:00 CRITICAL Uncaught Error: Call to a member function get_id() on null in D:\OpenServer\OpenServer\domains\rbmatras\wp-content\themes\rb-matras\template-parts\modals\content-modal-add-cart.php:2
Stack trace:
#0 D:\OpenServer\OpenServer\domains\rbmatras\wp-includes\template.php(772): require()
#1 D:\OpenServer\OpenServer\domains\rbmatras\wp-includes\template.php(716): load_template()
#2 D:\OpenServer\OpenServer\domains\rbmatras\wp-includes\general-template.php(204): locate_template()
#3 D:\OpenServer\OpenServer\domains\rbmatras\wp-content\themes\rb-matras\front-page.php(122): get_template_part()
#4 D:\OpenServer\OpenServer\domains\rbmatras\wp-includes\template-loader.php(106): include('D:\\OpenServer\\O...')
#5 D:\OpenServer\OpenServer\domains\rbmatras\wp-blog-header.php(19): require_once('D:\\OpenServer\\O...')
#6 D:\OpenServer\OpenServer\domains\rbmatras\index.php(17): require('D:\\OpenServer\\O...')
#7 {main}
  thrown в D:\OpenServer\OpenServer\domains\rbmatras\wp-content\themes\rb-matras\template-parts\modals\content-modal-add-cart.php на строке 2

2021-08-04T13:50:51+00:00 CRITICAL Uncaught Error: Call to a member function get_id() on null in D:\OpenServer\OpenServer\domains\rbmatras\wp-content\themes\rb-matras\template-parts\modals\content-modal-add-cart.php:2
Stack trace:
#0 D:\OpenServer\OpenServer\domains\rbmatras\wp-includes\template.php(772): require()
#1 D:\OpenServer\OpenServer\domains\rbmatras\wp-includes\template.php(716): load_template()
#2 D:\OpenServer\OpenServer\domains\rbmatras\wp-includes\general-template.php(204): locate_template()
#3 D:\OpenServer\OpenServer\domains\rbmatras\wp-content\themes\rb-matras\front-page.php(122): get_template_part()
#4 D:\OpenServer\OpenServer\domains\rbmatras\wp-includes\template-loader.php(106): include('D:\\OpenServer\\O...')
#5 D:\OpenServer\OpenServer\domains\rbmatras\wp-blog-header.php(19): require_once('D:\\OpenServer\\O...')
#6 D:\OpenServer\OpenServer\domains\rbmatras\index.php(17): require('D:\\OpenServer\\O...')
#7 {main}
  thrown в D:\OpenServer\OpenServer\domains\rbmatras\wp-content\themes\rb-matras\template-parts\modals\content-modal-add-cart.php на строке 2

2021-08-04T13:50:59+00:00 CRITICAL Uncaught Error: Call to a member function get_id() on null in D:\OpenServer\OpenServer\domains\rbmatras\wp-content\themes\rb-matras\template-parts\modals\content-modal-add-cart.php:2
Stack trace:
#0 D:\OpenServer\OpenServer\domains\rbmatras\wp-includes\template.php(772): require()
#1 D:\OpenServer\OpenServer\domains\rbmatras\wp-includes\template.php(716): load_template()
#2 D:\OpenServer\OpenServer\domains\rbmatras\wp-includes\general-template.php(204): locate_template()
#3 D:\OpenServer\OpenServer\domains\rbmatras\wp-content\themes\rb-matras\front-page.php(122): get_template_part()
#4 D:\OpenServer\OpenServer\domains\rbmatras\wp-includes\template-loader.php(106): include('D:\\OpenServer\\O...')
#5 D:\OpenServer\OpenServer\domains\rbmatras\wp-blog-header.php(19): require_once('D:\\OpenServer\\O...')
#6 D:\OpenServer\OpenServer\domains\rbmatras\index.php(17): require('D:\\OpenServer\\O...')
#7 {main}
  thrown в D:\OpenServer\OpenServer\domains\rbmatras\wp-content\themes\rb-matras\template-parts\modals\content-modal-add-cart.php на строке 2

2021-08-04T13:51:41+00:00 CRITICAL Uncaught Error: Call to a member function get_id() on null in D:\OpenServer\OpenServer\domains\rbmatras\wp-content\themes\rb-matras\template-parts\modals\content-modal-add-cart.php:2
Stack trace:
#0 D:\OpenServer\OpenServer\domains\rbmatras\wp-includes\template.php(772): require()
#1 D:\OpenServer\OpenServer\domains\rbmatras\wp-includes\template.php(716): load_template()
#2 D:\OpenServer\OpenServer\domains\rbmatras\wp-includes\general-template.php(204): locate_template()
#3 D:\OpenServer\OpenServer\domains\rbmatras\wp-content\themes\rb-matras\front-page.php(122): get_template_part()
#4 D:\OpenServer\OpenServer\domains\rbmatras\wp-includes\template-loader.php(106): include('D:\\OpenServer\\O...')
#5 D:\OpenServer\OpenServer\domains\rbmatras\wp-blog-header.php(19): require_once('D:\\OpenServer\\O...')
#6 D:\OpenServer\OpenServer\domains\rbmatras\index.php(17): require('D:\\OpenServer\\O...')
#7 {main}
  thrown в D:\OpenServer\OpenServer\domains\rbmatras\wp-content\themes\rb-matras\template-parts\modals\content-modal-add-cart.php на строке 2

2021-08-04T13:52:51+00:00 CRITICAL syntax error, unexpected '?>', expecting '(' в D:\OpenServer\OpenServer\domains\rbmatras\wp-content\themes\rb-matras\template-parts\modals\content-modal-add-cart.php на строке 2

