2021-07-31T09:28:09+00:00 CRITICAL syntax error, unexpected ';', expecting ')' в D:\OpenServer\OpenServer\domains\rbmatras\wp-content\themes\rb-matras\single-product.php на строке 124

2021-07-31T09:45:42+00:00 CRITICAL syntax error, unexpected 'endforeach' (T_ENDFOREACH) в D:\OpenServer\OpenServer\domains\rbmatras\wp-content\themes\rb-matras\single-product.php на строке 156

2021-07-31T12:10:17+00:00 CRITICAL syntax error, unexpected 'var_dump' (T_STRING) в D:\OpenServer\OpenServer\domains\rbmatras\wp-content\themes\rb-matras\template-parts\content-catalog.php на строке 159

2021-07-31T13:35:33+00:00 CRITICAL Uncaught Error: Unsupported operand types in D:\OpenServer\OpenServer\domains\rbmatras\wp-content\themes\rb-matras\template-parts\content-catalog.php:172
Stack trace:
#0 D:\OpenServer\OpenServer\domains\rbmatras\wp-includes\template.php(772): require()
#1 D:\OpenServer\OpenServer\domains\rbmatras\wp-includes\template.php(716): load_template()
#2 D:\OpenServer\OpenServer\domains\rbmatras\wp-includes\general-template.php(204): locate_template()
#3 D:\OpenServer\OpenServer\domains\rbmatras\wp-content\themes\rb-matras\front-page.php(123): get_template_part()
#4 D:\OpenServer\OpenServer\domains\rbmatras\wp-includes\template-loader.php(106): include('D:\\OpenServer\\O...')
#5 D:\OpenServer\OpenServer\domains\rbmatras\wp-blog-header.php(19): require_once('D:\\OpenServer\\O...')
#6 D:\OpenServer\OpenServer\domains\rbmatras\index.php(17): require('D:\\OpenServer\\O...')
#7 {main}
  thrown в D:\OpenServer\OpenServer\domains\rbmatras\wp-content\themes\rb-matras\template-parts\content-catalog.php на строке 172

2021-07-31T13:36:09+00:00 CRITICAL Uncaught Error: Unsupported operand types in D:\OpenServer\OpenServer\domains\rbmatras\wp-content\themes\rb-matras\template-parts\content-catalog.php:173
Stack trace:
#0 D:\OpenServer\OpenServer\domains\rbmatras\wp-includes\template.php(772): require()
#1 D:\OpenServer\OpenServer\domains\rbmatras\wp-includes\template.php(716): load_template()
#2 D:\OpenServer\OpenServer\domains\rbmatras\wp-includes\general-template.php(204): locate_template()
#3 D:\OpenServer\OpenServer\domains\rbmatras\wp-content\themes\rb-matras\front-page.php(123): get_template_part()
#4 D:\OpenServer\OpenServer\domains\rbmatras\wp-includes\template-loader.php(106): include('D:\\OpenServer\\O...')
#5 D:\OpenServer\OpenServer\domains\rbmatras\wp-blog-header.php(19): require_once('D:\\OpenServer\\O...')
#6 D:\OpenServer\OpenServer\domains\rbmatras\index.php(17): require('D:\\OpenServer\\O...')
#7 {main}
  thrown в D:\OpenServer\OpenServer\domains\rbmatras\wp-content\themes\rb-matras\template-parts\content-catalog.php на строке 173

2021-07-31T13:36:37+00:00 CRITICAL Uncaught Error: Unsupported operand types in D:\OpenServer\OpenServer\domains\rbmatras\wp-content\themes\rb-matras\template-parts\content-catalog.php:173
Stack trace:
#0 D:\OpenServer\OpenServer\domains\rbmatras\wp-includes\template.php(772): require()
#1 D:\OpenServer\OpenServer\domains\rbmatras\wp-includes\template.php(716): load_template()
#2 D:\OpenServer\OpenServer\domains\rbmatras\wp-includes\general-template.php(204): locate_template()
#3 D:\OpenServer\OpenServer\domains\rbmatras\wp-content\themes\rb-matras\front-page.php(123): get_template_part()
#4 D:\OpenServer\OpenServer\domains\rbmatras\wp-includes\template-loader.php(106): include('D:\\OpenServer\\O...')
#5 D:\OpenServer\OpenServer\domains\rbmatras\wp-blog-header.php(19): require_once('D:\\OpenServer\\O...')
#6 D:\OpenServer\OpenServer\domains\rbmatras\index.php(17): require('D:\\OpenServer\\O...')
#7 {main}
  thrown в D:\OpenServer\OpenServer\domains\rbmatras\wp-content\themes\rb-matras\template-parts\content-catalog.php на строке 173

2021-07-31T17:14:26+00:00 CRITICAL Cannot use empty array elements in arrays в D:\OpenServer\OpenServer\domains\rbmatras\wp-content\themes\rb-matras\functions.php на строке 565

2021-07-31T17:14:27+00:00 CRITICAL Cannot use empty array elements in arrays в D:\OpenServer\OpenServer\domains\rbmatras\wp-content\themes\rb-matras\functions.php на строке 565

